<?xml version="1.0" encoding="UTF-8"?>
<coverage generated="1654522314364" clover="3.2.0">
  <project timestamp="1654522314364" name="All files">
    <metrics statements="68" coveredstatements="68" conditionals="18" coveredconditionals="18" methods="13" coveredmethods="13" elements="99" coveredelements="99" complexity="0" loc="68" ncloc="68" packages="2" files="6" classes="6"/>
    <package name="DirectoryChallenge">
      <metrics statements="65" coveredstatements="65" conditionals="18" coveredconditionals="18" methods="13" coveredmethods="13"/>
      <file name="constants.js" path="/Volumes/MacOS_Folder/Projects/DirectoryChallenge/constants.js">
        <metrics statements="1" coveredstatements="1" conditionals="0" coveredconditionals="0" methods="0" coveredmethods="0"/>
        <line num="1" count="1" type="stmt"/>
      </file>
      <file name="index.js" path="/Volumes/MacOS_Folder/Projects/DirectoryChallenge/index.js">
        <metrics statements="63" coveredstatements="63" conditionals="18" coveredconditionals="18" methods="13" coveredmethods="13"/>
        <line num="3" count="1" type="stmt"/>
        <line num="4" count="1" type="stmt"/>
        <line num="5" count="1" type="stmt"/>
        <line num="7" count="1" type="stmt"/>
        <line num="14" count="1" type="stmt"/>
        <line num="23" count="3" type="stmt"/>
        <line num="24" count="3" type="stmt"/>
        <line num="25" count="3" type="stmt"/>
        <line num="26" count="3" type="stmt"/>
        <line num="27" count="3" type="stmt"/>
        <line num="28" count="48" type="stmt"/>
        <line num="29" count="48" type="stmt"/>
        <line num="30" count="48" type="stmt"/>
        <line num="31" count="48" type="stmt"/>
        <line num="32" count="48" type="stmt"/>
        <line num="33" count="48" type="cond" truecount="2" falsecount="0"/>
        <line num="34" count="1" type="stmt"/>
        <line num="35" count="1" type="stmt"/>
        <line num="37" count="47" type="cond" truecount="2" falsecount="0"/>
        <line num="38" count="12" type="stmt"/>
        <line num="40" count="35" type="stmt"/>
        <line num="43" count="3" type="stmt"/>
        <line num="52" count="20" type="stmt"/>
        <line num="53" count="20" type="stmt"/>
        <line num="54" count="20" type="stmt"/>
        <line num="59" count="20" type="cond" truecount="2" falsecount="0"/>
        <line num="68" count="24" type="stmt"/>
        <line num="69" count="24" type="cond" truecount="2" falsecount="0"/>
        <line num="70" count="9" type="stmt"/>
        <line num="71" count="12" type="stmt"/>
        <line num="74" count="24" type="stmt"/>
        <line num="75" count="24" type="stmt"/>
        <line num="84" count="9" type="stmt"/>
        <line num="85" count="9" type="stmt"/>
        <line num="86" count="9" type="cond" truecount="2" falsecount="0"/>
        <line num="87" count="3" type="stmt"/>
        <line num="88" count="3" type="stmt"/>
        <line num="90" count="6" type="stmt"/>
        <line num="91" count="6" type="cond" truecount="2" falsecount="0"/>
        <line num="92" count="3" type="stmt"/>
        <line num="93" count="3" type="stmt"/>
        <line num="96" count="6" type="stmt"/>
        <line num="103" count="9" type="stmt"/>
        <line num="104" count="9" type="stmt"/>
        <line num="105" count="60" type="stmt"/>
        <line num="106" count="60" type="stmt"/>
        <line num="108" count="9" type="stmt"/>
        <line num="118" count="132" type="cond" truecount="4" falsecount="0"/>
        <line num="119" count="60" type="stmt"/>
        <line num="120" count="60" type="stmt"/>
        <line num="122" count="72" type="stmt"/>
        <line num="123" count="72" type="stmt"/>
        <line num="124" count="72" type="cond" truecount="2" falsecount="0"/>
        <line num="125" count="36" type="stmt"/>
        <line num="126" count="36" type="stmt"/>
        <line num="128" count="72" type="stmt"/>
        <line num="137" count="77" type="stmt"/>
        <line num="138" count="68" type="stmt"/>
        <line num="139" count="68" type="stmt"/>
        <line num="150" count="30" type="stmt"/>
        <line num="151" count="255" type="stmt"/>
        <line num="155" count="1" type="stmt"/>
        <line num="156" count="1" type="stmt"/>
      </file>
      <file name="input.js" path="/Volumes/MacOS_Folder/Projects/DirectoryChallenge/input.js">
        <metrics statements="1" coveredstatements="1" conditionals="0" coveredconditionals="0" methods="0" coveredmethods="0"/>
        <line num="1" count="1" type="stmt"/>
      </file>
    </package>
    <package name="DirectoryChallenge.test.mock">
      <metrics statements="3" coveredstatements="3" conditionals="0" coveredconditionals="0" methods="0" coveredmethods="0"/>
      <file name="directories-input.js" path="/Volumes/MacOS_Folder/Projects/DirectoryChallenge/test/mock/directories-input.js">
        <metrics statements="1" coveredstatements="1" conditionals="0" coveredconditionals="0" methods="0" coveredmethods="0"/>
        <line num="1" count="1" type="stmt"/>
      </file>
      <file name="directories-invalid-commands-input.js" path="/Volumes/MacOS_Folder/Projects/DirectoryChallenge/test/mock/directories-invalid-commands-input.js">
        <metrics statements="1" coveredstatements="1" conditionals="0" coveredconditionals="0" methods="0" coveredmethods="0"/>
        <line num="1" count="1" type="stmt"/>
      </file>
      <file name="directories-output.js" path="/Volumes/MacOS_Folder/Projects/DirectoryChallenge/test/mock/directories-output.js">
        <metrics statements="1" coveredstatements="1" conditionals="0" coveredconditionals="0" methods="0" coveredmethods="0"/>
        <line num="1" count="1" type="stmt"/>
      </file>
    </package>
  </project>
</coverage>
