<?xml version="1.0" encoding="UTF-8"?>
<coverage generated="1654729594896" clover="3.2.0">
  <project timestamp="1654729594896" name="All files">
    <metrics statements="86" coveredstatements="86" conditionals="29" coveredconditionals="29" methods="15" coveredmethods="15" elements="130" coveredelements="130" complexity="0" loc="86" ncloc="86" packages="2" files="6" classes="6"/>
    <package name="DirectoryChallenge">
      <metrics statements="83" coveredstatements="83" conditionals="29" coveredconditionals="29" methods="15" coveredmethods="15"/>
      <file name="constants.js" path="/Volumes/MacOS_Folder/Projects/DirectoryChallenge/constants.js">
        <metrics statements="1" coveredstatements="1" conditionals="0" coveredconditionals="0" methods="0" coveredmethods="0"/>
        <line num="1" count="1" type="stmt"/>
      </file>
      <file name="index.js" path="/Volumes/MacOS_Folder/Projects/DirectoryChallenge/index.js">
        <metrics statements="81" coveredstatements="81" conditionals="29" coveredconditionals="29" methods="15" coveredmethods="15"/>
        <line num="3" count="1" type="stmt"/>
        <line num="4" count="1" type="stmt"/>
        <line num="12" count="4" type="stmt"/>
        <line num="13" count="4" type="stmt"/>
        <line num="14" count="4" type="stmt"/>
        <line num="15" count="4" type="stmt"/>
        <line num="18" count="4" type="stmt"/>
        <line num="20" count="4" type="stmt"/>
        <line num="22" count="4" type="stmt"/>
        <line num="35" count="4" type="stmt"/>
        <line num="36" count="4" type="stmt"/>
        <line num="37" count="4" type="stmt"/>
        <line num="39" count="4" type="stmt"/>
        <line num="41" count="4" type="stmt"/>
        <line num="42" count="64" type="stmt"/>
        <line num="43" count="64" type="stmt"/>
        <line num="44" count="64" type="stmt"/>
        <line num="45" count="64" type="stmt"/>
        <line num="46" count="64" type="stmt"/>
        <line num="47" count="64" type="cond" truecount="2" falsecount="0"/>
        <line num="48" count="1" type="stmt"/>
        <line num="49" count="1" type="stmt"/>
        <line num="51" count="63" type="cond" truecount="2" falsecount="0"/>
        <line num="52" count="16" type="stmt"/>
        <line num="54" count="47" type="stmt"/>
        <line num="57" count="4" type="stmt"/>
        <line num="58" count="4" type="stmt"/>
        <line num="59" count="4" type="stmt"/>
        <line num="60" count="4" type="stmt"/>
        <line num="69" count="27" type="stmt"/>
        <line num="70" count="27" type="stmt"/>
        <line num="71" count="27" type="stmt"/>
        <line num="72" count="27" type="cond" truecount="2" falsecount="0"/>
        <line num="84" count="32" type="stmt"/>
        <line num="85" count="32" type="cond" truecount="2" falsecount="0"/>
        <line num="86" count="12" type="stmt"/>
        <line num="87" count="16" type="stmt"/>
        <line num="90" count="32" type="cond" truecount="4" falsecount="0"/>
        <line num="91" count="4" type="stmt"/>
        <line num="92" count="4" type="stmt"/>
        <line num="93" count="4" type="stmt"/>
        <line num="95" count="28" type="stmt"/>
        <line num="97" count="32" type="stmt"/>
        <line num="106" count="12" type="stmt"/>
        <line num="107" count="12" type="stmt"/>
        <line num="108" count="12" type="cond" truecount="2" falsecount="0"/>
        <line num="109" count="4" type="stmt"/>
        <line num="110" count="4" type="stmt"/>
        <line num="112" count="8" type="stmt"/>
        <line num="113" count="8" type="cond" truecount="2" falsecount="0"/>
        <line num="114" count="4" type="stmt"/>
        <line num="115" count="4" type="stmt"/>
        <line num="118" count="8" type="stmt"/>
        <line num="125" count="12" type="stmt"/>
        <line num="127" count="12" type="stmt"/>
        <line num="128" count="110" type="stmt"/>
        <line num="129" count="110" type="stmt"/>
        <line num="130" count="110" type="cond" truecount="2" falsecount="0"/>
        <line num="131" count="110" type="cond" truecount="2" falsecount="0"/>
        <line num="135" count="110" type="cond" truecount="2" falsecount="0"/>
        <line num="137" count="12" type="stmt"/>
        <line num="138" count="67" type="stmt"/>
        <line num="139" count="67" type="stmt"/>
        <line num="141" count="12" type="stmt"/>
        <line num="151" count="139" type="cond" truecount="4" falsecount="0"/>
        <line num="152" count="67" type="stmt"/>
        <line num="153" count="67" type="stmt"/>
        <line num="155" count="72" type="stmt"/>
        <line num="156" count="72" type="stmt"/>
        <line num="157" count="72" type="cond" truecount="2" falsecount="0"/>
        <line num="158" count="32" type="stmt"/>
        <line num="159" count="32" type="stmt"/>
        <line num="161" count="72" type="stmt"/>
        <line num="170" count="79" type="stmt"/>
        <line num="171" count="67" type="stmt"/>
        <line num="172" count="67" type="stmt"/>
        <line num="183" count="40" type="stmt"/>
        <line num="184" count="274" type="stmt"/>
        <line num="189" count="1" type="stmt"/>
        <line num="190" count="1" type="stmt"/>
        <line num="192" count="1" type="stmt"/>
      </file>
      <file name="input.js" path="/Volumes/MacOS_Folder/Projects/DirectoryChallenge/input.js">
        <metrics statements="1" coveredstatements="1" conditionals="0" coveredconditionals="0" methods="0" coveredmethods="0"/>
        <line num="1" count="1" type="stmt"/>
      </file>
    </package>
    <package name="DirectoryChallenge.test.mock">
      <metrics statements="3" coveredstatements="3" conditionals="0" coveredconditionals="0" methods="0" coveredmethods="0"/>
      <file name="directories-input.js" path="/Volumes/MacOS_Folder/Projects/DirectoryChallenge/test/mock/directories-input.js">
        <metrics statements="1" coveredstatements="1" conditionals="0" coveredconditionals="0" methods="0" coveredmethods="0"/>
        <line num="1" count="1" type="stmt"/>
      </file>
      <file name="directories-invalid-commands-input.js" path="/Volumes/MacOS_Folder/Projects/DirectoryChallenge/test/mock/directories-invalid-commands-input.js">
        <metrics statements="1" coveredstatements="1" conditionals="0" coveredconditionals="0" methods="0" coveredmethods="0"/>
        <line num="1" count="1" type="stmt"/>
      </file>
      <file name="directories-output.js" path="/Volumes/MacOS_Folder/Projects/DirectoryChallenge/test/mock/directories-output.js">
        <metrics statements="1" coveredstatements="1" conditionals="0" coveredconditionals="0" methods="0" coveredmethods="0"/>
        <line num="1" count="1" type="stmt"/>
      </file>
    </package>
  </project>
</coverage>
