{"/Volumes/MacOS_Folder/Projects/DirectoryChallenge/constants.js": {"path":"/Volumes/MacOS_Folder/Projects/DirectoryChallenge/constants.js","statementMap":{"0":{"start":{"line":1,"column":0},"end":{"line":6,"column":2}}},"fnMap":{},"branchMap":{},"s":{"0":1},"f":{},"b":{},"_coverageSchema":"1a1c01bbd47fc00a2c39e90264f33305004495a9","hash":"6b1992cca7adb741ef0b5dd8bcc7e62b3b0c0b9d"}
,"/Volumes/MacOS_Folder/Projects/DirectoryChallenge/index.js": {"path":"/Volumes/MacOS_Folder/Projects/DirectoryChallenge/index.js","statementMap":{"0":{"start":{"line":3,"column":18},"end":{"line":3,"column":40}},"1":{"start":{"line":4,"column":18},"end":{"line":4,"column":36}},"2":{"start":{"line":5,"column":23},"end":{"line":5,"column":25}},"3":{"start":{"line":7,"column":19},"end":{"line":12,"column":1}},"4":{"start":{"line":14,"column":13},"end":{"line":14,"column":15}},"5":{"start":{"line":23,"column":2},"end":{"line":23,"column":14}},"6":{"start":{"line":24,"column":2},"end":{"line":24,"column":52}},"7":{"start":{"line":25,"column":2},"end":{"line":25,"column":53}},"8":{"start":{"line":26,"column":19},"end":{"line":26,"column":36}},"9":{"start":{"line":27,"column":2},"end":{"line":42,"column":5}},"10":{"start":{"line":28,"column":4},"end":{"line":28,"column":26}},"11":{"start":{"line":29,"column":25},"end":{"line":29,"column":40}},"12":{"start":{"line":30,"column":16},"end":{"line":30,"column":31}},"13":{"start":{"line":31,"column":17},"end":{"line":31,"column":32}},"14":{"start":{"line":32,"column":25},"end":{"line":32,"column":54}},"15":{"start":{"line":33,"column":4},"end":{"line":36,"column":5}},"16":{"start":{"line":34,"column":6},"end":{"line":34,"column":39}},"17":{"start":{"line":35,"column":6},"end":{"line":35,"column":13}},"18":{"start":{"line":37,"column":4},"end":{"line":41,"column":5}},"19":{"start":{"line":38,"column":6},"end":{"line":38,"column":42}},"20":{"start":{"line":40,"column":6},"end":{"line":40,"column":25}},"21":{"start":{"line":43,"column":2},"end":{"line":43,"column":16}},"22":{"start":{"line":52,"column":20},"end":{"line":52,"column":39}},"23":{"start":{"line":53,"column":17},"end":{"line":53,"column":65}},"24":{"start":{"line":54,"column":15},"end":{"line":54,"column":46}},"25":{"start":{"line":59,"column":2},"end":{"line":59,"column":63}},"26":{"start":{"line":68,"column":17},"end":{"line":68,"column":42}},"27":{"start":{"line":69,"column":2},"end":{"line":73,"column":3}},"28":{"start":{"line":70,"column":4},"end":{"line":72,"column":7}},"29":{"start":{"line":71,"column":6},"end":{"line":71,"column":32}},"30":{"start":{"line":74,"column":2},"end":{"line":74,"column":50}},"31":{"start":{"line":75,"column":2},"end":{"line":75,"column":32}},"32":{"start":{"line":84,"column":25},"end":{"line":84,"column":42}},"33":{"start":{"line":85,"column":18},"end":{"line":85,"column":35}},"34":{"start":{"line":86,"column":2},"end":{"line":89,"column":3}},"35":{"start":{"line":87,"column":4},"end":{"line":87,"column":70}},"36":{"start":{"line":88,"column":4},"end":{"line":88,"column":11}},"37":{"start":{"line":90,"column":17},"end":{"line":90,"column":42}},"38":{"start":{"line":91,"column":2},"end":{"line":95,"column":3}},"39":{"start":{"line":92,"column":4},"end":{"line":94,"column":7}},"40":{"start":{"line":93,"column":6},"end":{"line":93,"column":25}},"41":{"start":{"line":96,"column":2},"end":{"line":96,"column":32}},"42":{"start":{"line":103,"column":13},"end":{"line":103,"column":15}},"43":{"start":{"line":104,"column":2},"end":{"line":107,"column":5}},"44":{"start":{"line":105,"column":22},"end":{"line":105,"column":39}},"45":{"start":{"line":106,"column":4},"end":{"line":106,"column":35}},"46":{"start":{"line":108,"column":2},"end":{"line":108,"column":21}},"47":{"start":{"line":118,"column":2},"end":{"line":121,"column":3}},"48":{"start":{"line":119,"column":4},"end":{"line":119,"column":44}},"49":{"start":{"line":120,"column":4},"end":{"line":120,"column":11}},"50":{"start":{"line":122,"column":19},"end":{"line":122,"column":31}},"51":{"start":{"line":123,"column":16},"end":{"line":123,"column":30}},"52":{"start":{"line":124,"column":2},"end":{"line":127,"column":3}},"53":{"start":{"line":125,"column":4},"end":{"line":125,"column":17}},"54":{"start":{"line":126,"column":4},"end":{"line":126,"column":29}},"55":{"start":{"line":128,"column":2},"end":{"line":128,"column":45}},"56":{"start":{"line":137,"column":2},"end":{"line":140,"column":3}},"57":{"start":{"line":138,"column":4},"end":{"line":138,"column":51}},"58":{"start":{"line":139,"column":4},"end":{"line":139,"column":39}},"59":{"start":{"line":150,"column":2},"end":{"line":152,"column":4}},"60":{"start":{"line":151,"column":4},"end":{"line":151,"column":33}},"61":{"start":{"line":155,"column":0},"end":{"line":155,"column":26}},"62":{"start":{"line":156,"column":0},"end":{"line":156,"column":32}}},"fnMap":{"0":{"name":"runDirectories","decl":{"start":{"line":21,"column":9},"end":{"line":21,"column":23}},"loc":{"start":{"line":21,"column":31},"end":{"line":44,"column":1}},"line":21},"1":{"name":"(anonymous_1)","decl":{"start":{"line":27,"column":19},"end":{"line":27,"column":20}},"loc":{"start":{"line":27,"column":29},"end":{"line":42,"column":3}},"line":27},"2":{"name":"createFolder","decl":{"start":{"line":51,"column":9},"end":{"line":51,"column":21}},"loc":{"start":{"line":51,"column":32},"end":{"line":60,"column":1}},"line":51},"3":{"name":"moveFolder","decl":{"start":{"line":67,"column":9},"end":{"line":67,"column":19}},"loc":{"start":{"line":67,"column":37},"end":{"line":76,"column":1}},"line":67},"4":{"name":"(anonymous_4)","decl":{"start":{"line":70,"column":19},"end":{"line":70,"column":20}},"loc":{"start":{"line":70,"column":29},"end":{"line":72,"column":5}},"line":70},"5":{"name":"deleteFolder","decl":{"start":{"line":83,"column":9},"end":{"line":83,"column":21}},"loc":{"start":{"line":83,"column":30},"end":{"line":97,"column":1}},"line":83},"6":{"name":"(anonymous_6)","decl":{"start":{"line":92,"column":19},"end":{"line":92,"column":20}},"loc":{"start":{"line":92,"column":29},"end":{"line":94,"column":5}},"line":92},"7":{"name":"listFolders","decl":{"start":{"line":102,"column":9},"end":{"line":102,"column":20}},"loc":{"start":{"line":102,"column":23},"end":{"line":109,"column":1}},"line":102},"8":{"name":"(anonymous_8)","decl":{"start":{"line":104,"column":38},"end":{"line":104,"column":39}},"loc":{"start":{"line":104,"column":50},"end":{"line":107,"column":3}},"line":104},"9":{"name":"mapPathToTree","decl":{"start":{"line":117,"column":9},"end":{"line":117,"column":22}},"loc":{"start":{"line":117,"column":40},"end":{"line":129,"column":1}},"line":117},"10":{"name":"printTree","decl":{"start":{"line":136,"column":9},"end":{"line":136,"column":18}},"loc":{"start":{"line":136,"column":35},"end":{"line":141,"column":1}},"line":136},"11":{"name":"getChildsByFolder","decl":{"start":{"line":149,"column":9},"end":{"line":149,"column":26}},"loc":{"start":{"line":149,"column":35},"end":{"line":153,"column":1}},"line":149},"12":{"name":"(anonymous_12)","decl":{"start":{"line":150,"column":44},"end":{"line":150,"column":45}},"loc":{"start":{"line":151,"column":4},"end":{"line":151,"column":33}},"line":151}},"branchMap":{"0":{"loc":{"start":{"line":33,"column":4},"end":{"line":36,"column":5}},"type":"if","locations":[{"start":{"line":33,"column":4},"end":{"line":36,"column":5}},{"start":{},"end":{}}],"line":33},"1":{"loc":{"start":{"line":37,"column":4},"end":{"line":41,"column":5}},"type":"if","locations":[{"start":{"line":37,"column":4},"end":{"line":41,"column":5}},{"start":{"line":39,"column":11},"end":{"line":41,"column":5}}],"line":37},"2":{"loc":{"start":{"line":59,"column":17},"end":{"line":59,"column":54}},"type":"cond-expr","locations":[{"start":{"line":59,"column":28},"end":{"line":59,"column":47}},{"start":{"line":59,"column":50},"end":{"line":59,"column":54}}],"line":59},"3":{"loc":{"start":{"line":69,"column":2},"end":{"line":73,"column":3}},"type":"if","locations":[{"start":{"line":69,"column":2},"end":{"line":73,"column":3}},{"start":{},"end":{}}],"line":69},"4":{"loc":{"start":{"line":86,"column":2},"end":{"line":89,"column":3}},"type":"if","locations":[{"start":{"line":86,"column":2},"end":{"line":89,"column":3}},{"start":{},"end":{}}],"line":86},"5":{"loc":{"start":{"line":91,"column":2},"end":{"line":95,"column":3}},"type":"if","locations":[{"start":{"line":91,"column":2},"end":{"line":95,"column":3}},{"start":{},"end":{}}],"line":91},"6":{"loc":{"start":{"line":118,"column":2},"end":{"line":121,"column":3}},"type":"if","locations":[{"start":{"line":118,"column":2},"end":{"line":121,"column":3}},{"start":{},"end":{}}],"line":118},"7":{"loc":{"start":{"line":118,"column":6},"end":{"line":118,"column":40}},"type":"binary-expr","locations":[{"start":{"line":118,"column":6},"end":{"line":118,"column":15}},{"start":{"line":118,"column":19},"end":{"line":118,"column":40}}],"line":118},"8":{"loc":{"start":{"line":124,"column":2},"end":{"line":127,"column":3}},"type":"if","locations":[{"start":{"line":124,"column":2},"end":{"line":127,"column":3}},{"start":{},"end":{}}],"line":124}},"s":{"0":1,"1":1,"2":1,"3":1,"4":1,"5":3,"6":3,"7":3,"8":3,"9":3,"10":48,"11":48,"12":48,"13":48,"14":48,"15":48,"16":1,"17":1,"18":47,"19":12,"20":35,"21":3,"22":20,"23":20,"24":20,"25":20,"26":24,"27":24,"28":9,"29":12,"30":24,"31":24,"32":9,"33":9,"34":9,"35":3,"36":3,"37":6,"38":6,"39":3,"40":3,"41":6,"42":9,"43":9,"44":60,"45":60,"46":9,"47":132,"48":60,"49":60,"50":72,"51":72,"52":72,"53":36,"54":36,"55":72,"56":77,"57":68,"58":68,"59":30,"60":255,"61":1,"62":1},"f":{"0":3,"1":48,"2":20,"3":24,"4":12,"5":9,"6":3,"7":9,"8":60,"9":132,"10":77,"11":30,"12":255},"b":{"0":[1,47],"1":[12,35],"2":[9,11],"3":[9,15],"4":[3,6],"5":[3,3],"6":[60,72],"7":[132,132],"8":[36,36]},"_coverageSchema":"1a1c01bbd47fc00a2c39e90264f33305004495a9","hash":"f0c4a8aa8f7b32425a8ac74f2228b17e8bd4c99a"}
,"/Volumes/MacOS_Folder/Projects/DirectoryChallenge/input.js": {"path":"/Volumes/MacOS_Folder/Projects/DirectoryChallenge/input.js","statementMap":{"0":{"start":{"line":1,"column":0},"end":{"line":16,"column":6}}},"fnMap":{},"branchMap":{},"s":{"0":1},"f":{},"b":{},"_coverageSchema":"1a1c01bbd47fc00a2c39e90264f33305004495a9","hash":"131b4ba9585c287c09679dc9f5889b8c11714048"}
,"/Volumes/MacOS_Folder/Projects/DirectoryChallenge/test/mock/directories-input.js": {"path":"/Volumes/MacOS_Folder/Projects/DirectoryChallenge/test/mock/directories-input.js","statementMap":{"0":{"start":{"line":1,"column":0},"end":{"line":16,"column":6}}},"fnMap":{},"branchMap":{},"s":{"0":1},"f":{},"b":{},"_coverageSchema":"1a1c01bbd47fc00a2c39e90264f33305004495a9","hash":"2ab935cc6dcbd8507d4af9c7b594c2ada7dca1ab"}
,"/Volumes/MacOS_Folder/Projects/DirectoryChallenge/test/mock/directories-invalid-commands-input.js": {"path":"/Volumes/MacOS_Folder/Projects/DirectoryChallenge/test/mock/directories-invalid-commands-input.js","statementMap":{"0":{"start":{"line":1,"column":0},"end":{"line":16,"column":6}}},"fnMap":{},"branchMap":{},"s":{"0":1},"f":{},"b":{},"_coverageSchema":"1a1c01bbd47fc00a2c39e90264f33305004495a9","hash":"8799c5889de024ca66ee10813198acedb28112ae"}
,"/Volumes/MacOS_Folder/Projects/DirectoryChallenge/test/mock/directories-output.js": {"path":"/Volumes/MacOS_Folder/Projects/DirectoryChallenge/test/mock/directories-output.js","statementMap":{"0":{"start":{"line":1,"column":0},"end":{"line":34,"column":12}}},"fnMap":{},"branchMap":{},"s":{"0":1},"f":{},"b":{},"_coverageSchema":"1a1c01bbd47fc00a2c39e90264f33305004495a9","hash":"8111de58c8632c5a828da0959f1343529dc842ac"}
}
