{"/Volumes/MacOS_Folder/Projects/DirectoryChallenge/constants.js": {"path":"/Volumes/MacOS_Folder/Projects/DirectoryChallenge/constants.js","statementMap":{"0":{"start":{"line":1,"column":0},"end":{"line":6,"column":2}}},"fnMap":{},"branchMap":{},"s":{"0":1},"f":{},"b":{},"_coverageSchema":"1a1c01bbd47fc00a2c39e90264f33305004495a9","hash":"6b1992cca7adb741ef0b5dd8bcc7e62b3b0c0b9d"}
,"/Volumes/MacOS_Folder/Projects/DirectoryChallenge/index.js": {"path":"/Volumes/MacOS_Folder/Projects/DirectoryChallenge/index.js","statementMap":{"0":{"start":{"line":3,"column":18},"end":{"line":3,"column":40}},"1":{"start":{"line":4,"column":18},"end":{"line":4,"column":36}},"2":{"start":{"line":12,"column":4},"end":{"line":12,"column":27}},"3":{"start":{"line":13,"column":4},"end":{"line":13,"column":32}},"4":{"start":{"line":14,"column":4},"end":{"line":14,"column":30}},"5":{"start":{"line":15,"column":4},"end":{"line":15,"column":38}},"6":{"start":{"line":18,"column":19},"end":{"line":18,"column":21}},"7":{"start":{"line":20,"column":11},"end":{"line":20,"column":13}},"8":{"start":{"line":22,"column":15},"end":{"line":27,"column":3}},"9":{"start":{"line":35,"column":4},"end":{"line":35,"column":21}},"10":{"start":{"line":36,"column":4},"end":{"line":36,"column":63}},"11":{"start":{"line":37,"column":4},"end":{"line":37,"column":55}},"12":{"start":{"line":39,"column":21},"end":{"line":39,"column":47}},"13":{"start":{"line":41,"column":4},"end":{"line":56,"column":7}},"14":{"start":{"line":42,"column":6},"end":{"line":42,"column":33}},"15":{"start":{"line":43,"column":27},"end":{"line":43,"column":42}},"16":{"start":{"line":44,"column":18},"end":{"line":44,"column":33}},"17":{"start":{"line":45,"column":19},"end":{"line":45,"column":34}},"18":{"start":{"line":46,"column":27},"end":{"line":46,"column":61}},"19":{"start":{"line":47,"column":6},"end":{"line":50,"column":7}},"20":{"start":{"line":48,"column":8},"end":{"line":48,"column":46}},"21":{"start":{"line":49,"column":8},"end":{"line":49,"column":15}},"22":{"start":{"line":51,"column":6},"end":{"line":55,"column":7}},"23":{"start":{"line":52,"column":8},"end":{"line":52,"column":44}},"24":{"start":{"line":54,"column":8},"end":{"line":54,"column":27}},"25":{"start":{"line":57,"column":4},"end":{"line":57,"column":41}},"26":{"start":{"line":58,"column":4},"end":{"line":58,"column":55}},"27":{"start":{"line":59,"column":4},"end":{"line":59,"column":29}},"28":{"start":{"line":60,"column":4},"end":{"line":60,"column":23}},"29":{"start":{"line":69,"column":22},"end":{"line":69,"column":41}},"30":{"start":{"line":70,"column":19},"end":{"line":70,"column":67}},"31":{"start":{"line":71,"column":17},"end":{"line":71,"column":48}},"32":{"start":{"line":72,"column":4},"end":{"line":72,"column":70}},"33":{"start":{"line":84,"column":19},"end":{"line":84,"column":49}},"34":{"start":{"line":85,"column":4},"end":{"line":89,"column":5}},"35":{"start":{"line":86,"column":6},"end":{"line":88,"column":9}},"36":{"start":{"line":87,"column":8},"end":{"line":87,"column":46}},"37":{"start":{"line":90,"column":4},"end":{"line":96,"column":5}},"38":{"start":{"line":91,"column":29},"end":{"line":91,"column":46}},"39":{"start":{"line":92,"column":25},"end":{"line":92,"column":66}},"40":{"start":{"line":93,"column":6},"end":{"line":93,"column":63}},"41":{"start":{"line":95,"column":6},"end":{"line":95,"column":59}},"42":{"start":{"line":97,"column":4},"end":{"line":97,"column":39}},"43":{"start":{"line":106,"column":27},"end":{"line":106,"column":44}},"44":{"start":{"line":107,"column":20},"end":{"line":107,"column":37}},"45":{"start":{"line":108,"column":4},"end":{"line":111,"column":5}},"46":{"start":{"line":109,"column":6},"end":{"line":109,"column":77}},"47":{"start":{"line":110,"column":6},"end":{"line":110,"column":13}},"48":{"start":{"line":112,"column":19},"end":{"line":112,"column":49}},"49":{"start":{"line":113,"column":4},"end":{"line":117,"column":5}},"50":{"start":{"line":114,"column":6},"end":{"line":116,"column":9}},"51":{"start":{"line":115,"column":8},"end":{"line":115,"column":32}},"52":{"start":{"line":118,"column":4},"end":{"line":118,"column":39}},"53":{"start":{"line":125,"column":15},"end":{"line":125,"column":17}},"54":{"start":{"line":127,"column":24},"end":{"line":136,"column":6}},"55":{"start":{"line":128,"column":21},"end":{"line":128,"column":33}},"56":{"start":{"line":129,"column":21},"end":{"line":129,"column":33}},"57":{"start":{"line":130,"column":6},"end":{"line":130,"column":59}},"58":{"start":{"line":130,"column":29},"end":{"line":130,"column":59}},"59":{"start":{"line":131,"column":6},"end":{"line":131,"column":59}},"60":{"start":{"line":131,"column":29},"end":{"line":131,"column":59}},"61":{"start":{"line":135,"column":6},"end":{"line":135,"column":29}},"62":{"start":{"line":137,"column":4},"end":{"line":140,"column":7}},"63":{"start":{"line":138,"column":24},"end":{"line":138,"column":41}},"64":{"start":{"line":139,"column":6},"end":{"line":139,"column":42}},"65":{"start":{"line":141,"column":4},"end":{"line":141,"column":28}},"66":{"start":{"line":151,"column":4},"end":{"line":154,"column":5}},"67":{"start":{"line":152,"column":6},"end":{"line":152,"column":46}},"68":{"start":{"line":153,"column":6},"end":{"line":153,"column":13}},"69":{"start":{"line":155,"column":21},"end":{"line":155,"column":33}},"70":{"start":{"line":156,"column":18},"end":{"line":156,"column":32}},"71":{"start":{"line":157,"column":4},"end":{"line":160,"column":5}},"72":{"start":{"line":158,"column":6},"end":{"line":158,"column":19}},"73":{"start":{"line":159,"column":6},"end":{"line":159,"column":31}},"74":{"start":{"line":161,"column":4},"end":{"line":161,"column":52}},"75":{"start":{"line":170,"column":4},"end":{"line":173,"column":5}},"76":{"start":{"line":171,"column":6},"end":{"line":171,"column":59}},"77":{"start":{"line":172,"column":6},"end":{"line":172,"column":46}},"78":{"start":{"line":183,"column":4},"end":{"line":185,"column":6}},"79":{"start":{"line":184,"column":6},"end":{"line":184,"column":35}},"80":{"start":{"line":189,"column":20},"end":{"line":189,"column":44}},"81":{"start":{"line":190,"column":0},"end":{"line":190,"column":29}},"82":{"start":{"line":192,"column":0},"end":{"line":192,"column":27}}},"fnMap":{"0":{"name":"(anonymous_0)","decl":{"start":{"line":11,"column":2},"end":{"line":11,"column":3}},"loc":{"start":{"line":11,"column":21},"end":{"line":16,"column":3}},"line":11},"1":{"name":"(anonymous_1)","decl":{"start":{"line":33,"column":2},"end":{"line":33,"column":3}},"loc":{"start":{"line":33,"column":19},"end":{"line":61,"column":3}},"line":33},"2":{"name":"(anonymous_2)","decl":{"start":{"line":41,"column":21},"end":{"line":41,"column":22}},"loc":{"start":{"line":41,"column":31},"end":{"line":56,"column":5}},"line":41},"3":{"name":"(anonymous_3)","decl":{"start":{"line":68,"column":2},"end":{"line":68,"column":3}},"loc":{"start":{"line":68,"column":25},"end":{"line":73,"column":3}},"line":68},"4":{"name":"(anonymous_4)","decl":{"start":{"line":83,"column":2},"end":{"line":83,"column":3}},"loc":{"start":{"line":83,"column":50},"end":{"line":98,"column":3}},"line":83},"5":{"name":"(anonymous_5)","decl":{"start":{"line":86,"column":21},"end":{"line":86,"column":22}},"loc":{"start":{"line":86,"column":31},"end":{"line":88,"column":7}},"line":86},"6":{"name":"(anonymous_6)","decl":{"start":{"line":105,"column":2},"end":{"line":105,"column":3}},"loc":{"start":{"line":105,"column":23},"end":{"line":119,"column":3}},"line":105},"7":{"name":"(anonymous_7)","decl":{"start":{"line":114,"column":21},"end":{"line":114,"column":22}},"loc":{"start":{"line":114,"column":31},"end":{"line":116,"column":7}},"line":114},"8":{"name":"(anonymous_8)","decl":{"start":{"line":124,"column":2},"end":{"line":124,"column":3}},"loc":{"start":{"line":124,"column":16},"end":{"line":142,"column":3}},"line":124},"9":{"name":"(anonymous_9)","decl":{"start":{"line":127,"column":62},"end":{"line":127,"column":63}},"loc":{"start":{"line":127,"column":72},"end":{"line":136,"column":5}},"line":127},"10":{"name":"(anonymous_10)","decl":{"start":{"line":137,"column":24},"end":{"line":137,"column":25}},"loc":{"start":{"line":137,"column":36},"end":{"line":140,"column":5}},"line":137},"11":{"name":"(anonymous_11)","decl":{"start":{"line":150,"column":2},"end":{"line":150,"column":3}},"loc":{"start":{"line":150,"column":33},"end":{"line":162,"column":3}},"line":150},"12":{"name":"(anonymous_12)","decl":{"start":{"line":169,"column":2},"end":{"line":169,"column":3}},"loc":{"start":{"line":169,"column":28},"end":{"line":174,"column":3}},"line":169},"13":{"name":"(anonymous_13)","decl":{"start":{"line":182,"column":2},"end":{"line":182,"column":3}},"loc":{"start":{"line":182,"column":28},"end":{"line":186,"column":3}},"line":182},"14":{"name":"(anonymous_14)","decl":{"start":{"line":183,"column":51},"end":{"line":183,"column":52}},"loc":{"start":{"line":184,"column":6},"end":{"line":184,"column":35}},"line":184}},"branchMap":{"0":{"loc":{"start":{"line":47,"column":6},"end":{"line":50,"column":7}},"type":"if","locations":[{"start":{"line":47,"column":6},"end":{"line":50,"column":7}},{"start":{},"end":{}}],"line":47},"1":{"loc":{"start":{"line":51,"column":6},"end":{"line":55,"column":7}},"type":"if","locations":[{"start":{"line":51,"column":6},"end":{"line":55,"column":7}},{"start":{"line":53,"column":13},"end":{"line":55,"column":7}}],"line":51},"2":{"loc":{"start":{"line":72,"column":24},"end":{"line":72,"column":61}},"type":"cond-expr","locations":[{"start":{"line":72,"column":35},"end":{"line":72,"column":54}},{"start":{"line":72,"column":57},"end":{"line":72,"column":61}}],"line":72},"3":{"loc":{"start":{"line":83,"column":30},"end":{"line":83,"column":48}},"type":"default-arg","locations":[{"start":{"line":83,"column":44},"end":{"line":83,"column":48}}],"line":83},"4":{"loc":{"start":{"line":85,"column":4},"end":{"line":89,"column":5}},"type":"if","locations":[{"start":{"line":85,"column":4},"end":{"line":89,"column":5}},{"start":{},"end":{}}],"line":85},"5":{"loc":{"start":{"line":90,"column":4},"end":{"line":96,"column":5}},"type":"if","locations":[{"start":{"line":90,"column":4},"end":{"line":96,"column":5}},{"start":{"line":94,"column":11},"end":{"line":96,"column":5}}],"line":90},"6":{"loc":{"start":{"line":90,"column":8},"end":{"line":90,"column":51}},"type":"binary-expr","locations":[{"start":{"line":90,"column":8},"end":{"line":90,"column":36}},{"start":{"line":90,"column":40},"end":{"line":90,"column":51}}],"line":90},"7":{"loc":{"start":{"line":108,"column":4},"end":{"line":111,"column":5}},"type":"if","locations":[{"start":{"line":108,"column":4},"end":{"line":111,"column":5}},{"start":{},"end":{}}],"line":108},"8":{"loc":{"start":{"line":113,"column":4},"end":{"line":117,"column":5}},"type":"if","locations":[{"start":{"line":113,"column":4},"end":{"line":117,"column":5}},{"start":{},"end":{}}],"line":113},"9":{"loc":{"start":{"line":130,"column":6},"end":{"line":130,"column":59}},"type":"if","locations":[{"start":{"line":130,"column":6},"end":{"line":130,"column":59}},{"start":{},"end":{}}],"line":130},"10":{"loc":{"start":{"line":131,"column":6},"end":{"line":131,"column":59}},"type":"if","locations":[{"start":{"line":131,"column":6},"end":{"line":131,"column":59}},{"start":{},"end":{}}],"line":131},"11":{"loc":{"start":{"line":135,"column":13},"end":{"line":135,"column":28}},"type":"cond-expr","locations":[{"start":{"line":135,"column":22},"end":{"line":135,"column":24}},{"start":{"line":135,"column":27},"end":{"line":135,"column":28}}],"line":135},"12":{"loc":{"start":{"line":151,"column":4},"end":{"line":154,"column":5}},"type":"if","locations":[{"start":{"line":151,"column":4},"end":{"line":154,"column":5}},{"start":{},"end":{}}],"line":151},"13":{"loc":{"start":{"line":151,"column":8},"end":{"line":151,"column":42}},"type":"binary-expr","locations":[{"start":{"line":151,"column":8},"end":{"line":151,"column":17}},{"start":{"line":151,"column":21},"end":{"line":151,"column":42}}],"line":151},"14":{"loc":{"start":{"line":157,"column":4},"end":{"line":160,"column":5}},"type":"if","locations":[{"start":{"line":157,"column":4},"end":{"line":160,"column":5}},{"start":{},"end":{}}],"line":157}},"s":{"0":1,"1":1,"2":4,"3":4,"4":4,"5":4,"6":4,"7":4,"8":4,"9":4,"10":4,"11":4,"12":4,"13":4,"14":64,"15":64,"16":64,"17":64,"18":64,"19":64,"20":1,"21":1,"22":63,"23":16,"24":47,"25":4,"26":4,"27":4,"28":4,"29":27,"30":27,"31":27,"32":27,"33":32,"34":32,"35":12,"36":16,"37":32,"38":4,"39":4,"40":4,"41":28,"42":32,"43":12,"44":12,"45":12,"46":4,"47":4,"48":8,"49":8,"50":4,"51":4,"52":8,"53":12,"54":12,"55":110,"56":110,"57":110,"58":97,"59":110,"60":56,"61":110,"62":12,"63":67,"64":67,"65":12,"66":139,"67":67,"68":67,"69":72,"70":72,"71":72,"72":32,"73":32,"74":72,"75":79,"76":67,"77":67,"78":40,"79":274,"80":1,"81":1,"82":1},"f":{"0":4,"1":4,"2":64,"3":27,"4":32,"5":16,"6":12,"7":4,"8":12,"9":110,"10":67,"11":139,"12":79,"13":40,"14":274},"b":{"0":[1,63],"1":[16,47],"2":[12,15],"3":[16],"4":[12,20],"5":[4,28],"6":[32,20],"7":[4,8],"8":[4,4],"9":[97,13],"10":[56,54],"11":[47,63],"12":[67,72],"13":[139,139],"14":[32,40]},"_coverageSchema":"1a1c01bbd47fc00a2c39e90264f33305004495a9","hash":"3ea1b896b97d89cb8259f9632cdb5c6912526bff"}
,"/Volumes/MacOS_Folder/Projects/DirectoryChallenge/input.js": {"path":"/Volumes/MacOS_Folder/Projects/DirectoryChallenge/input.js","statementMap":{"0":{"start":{"line":1,"column":0},"end":{"line":16,"column":6}}},"fnMap":{},"branchMap":{},"s":{"0":1},"f":{},"b":{},"_coverageSchema":"1a1c01bbd47fc00a2c39e90264f33305004495a9","hash":"131b4ba9585c287c09679dc9f5889b8c11714048"}
,"/Volumes/MacOS_Folder/Projects/DirectoryChallenge/test/mock/directories-input.js": {"path":"/Volumes/MacOS_Folder/Projects/DirectoryChallenge/test/mock/directories-input.js","statementMap":{"0":{"start":{"line":1,"column":0},"end":{"line":16,"column":6}}},"fnMap":{},"branchMap":{},"s":{"0":1},"f":{},"b":{},"_coverageSchema":"1a1c01bbd47fc00a2c39e90264f33305004495a9","hash":"2ab935cc6dcbd8507d4af9c7b594c2ada7dca1ab"}
,"/Volumes/MacOS_Folder/Projects/DirectoryChallenge/test/mock/directories-invalid-commands-input.js": {"path":"/Volumes/MacOS_Folder/Projects/DirectoryChallenge/test/mock/directories-invalid-commands-input.js","statementMap":{"0":{"start":{"line":1,"column":0},"end":{"line":16,"column":6}}},"fnMap":{},"branchMap":{},"s":{"0":1},"f":{},"b":{},"_coverageSchema":"1a1c01bbd47fc00a2c39e90264f33305004495a9","hash":"8799c5889de024ca66ee10813198acedb28112ae"}
,"/Volumes/MacOS_Folder/Projects/DirectoryChallenge/test/mock/directories-output.js": {"path":"/Volumes/MacOS_Folder/Projects/DirectoryChallenge/test/mock/directories-output.js","statementMap":{"0":{"start":{"line":1,"column":0},"end":{"line":34,"column":12}}},"fnMap":{},"branchMap":{},"s":{"0":1},"f":{},"b":{},"_coverageSchema":"1a1c01bbd47fc00a2c39e90264f33305004495a9","hash":"8111de58c8632c5a828da0959f1343529dc842ac"}
}
