TN:
SF:constants.js
FNF:0
FNH:0
DA:1,1
LF:1
LH:1
BRF:0
BRH:0
end_of_record
TN:
SF:index.js
FN:21,runDirectories
FN:27,(anonymous_1)
FN:51,createFolder
FN:67,moveFolder
FN:70,(anonymous_4)
FN:83,deleteFolder
FN:92,(anonymous_6)
FN:102,listFolders
FN:104,(anonymous_8)
FN:117,mapPathToTree
FN:136,printTree
FN:149,getChildsByFolder
FN:150,(anonymous_12)
FNF:13
FNH:13
FNDA:3,runDirectories
FNDA:48,(anonymous_1)
FNDA:20,createFolder
FNDA:24,moveFolder
FNDA:12,(anonymous_4)
FNDA:9,deleteFolder
FNDA:3,(anonymous_6)
FNDA:9,listFolders
FNDA:60,(anonymous_8)
FNDA:132,mapPathToTree
FNDA:77,printTree
FNDA:30,getChildsByFolder
FNDA:255,(anonymous_12)
DA:3,1
DA:4,1
DA:5,1
DA:7,1
DA:14,1
DA:23,3
DA:24,3
DA:25,3
DA:26,3
DA:27,3
DA:28,48
DA:29,48
DA:30,48
DA:31,48
DA:32,48
DA:33,48
DA:34,1
DA:35,1
DA:37,47
DA:38,12
DA:40,35
DA:43,3
DA:52,20
DA:53,20
DA:54,20
DA:59,20
DA:68,24
DA:69,24
DA:70,9
DA:71,12
DA:74,24
DA:75,24
DA:84,9
DA:85,9
DA:86,9
DA:87,3
DA:88,3
DA:90,6
DA:91,6
DA:92,3
DA:93,3
DA:96,6
DA:103,9
DA:104,9
DA:105,60
DA:106,60
DA:108,9
DA:118,132
DA:119,60
DA:120,60
DA:122,72
DA:123,72
DA:124,72
DA:125,36
DA:126,36
DA:128,72
DA:137,77
DA:138,68
DA:139,68
DA:150,30
DA:151,255
DA:155,1
DA:156,1
LF:63
LH:63
BRDA:33,0,0,1
BRDA:33,0,1,47
BRDA:37,1,0,12
BRDA:37,1,1,35
BRDA:59,2,0,9
BRDA:59,2,1,11
BRDA:69,3,0,9
BRDA:69,3,1,15
BRDA:86,4,0,3
BRDA:86,4,1,6
BRDA:91,5,0,3
BRDA:91,5,1,3
BRDA:118,6,0,60
BRDA:118,6,1,72
BRDA:118,7,0,132
BRDA:118,7,1,132
BRDA:124,8,0,36
BRDA:124,8,1,36
BRF:18
BRH:18
end_of_record
TN:
SF:input.js
FNF:0
FNH:0
DA:1,1
LF:1
LH:1
BRF:0
BRH:0
end_of_record
TN:
SF:test/mock/directories-input.js
FNF:0
FNH:0
DA:1,1
LF:1
LH:1
BRF:0
BRH:0
end_of_record
TN:
SF:test/mock/directories-invalid-commands-input.js
FNF:0
FNH:0
DA:1,1
LF:1
LH:1
BRF:0
BRH:0
end_of_record
TN:
SF:test/mock/directories-output.js
FNF:0
FNH:0
DA:1,1
LF:1
LH:1
BRF:0
BRH:0
end_of_record
