TN:
SF:constants.js
FNF:0
FNH:0
DA:1,1
LF:1
LH:1
BRF:0
BRH:0
end_of_record
TN:
SF:index.js
FN:11,(anonymous_0)
FN:33,(anonymous_1)
FN:41,(anonymous_2)
FN:68,(anonymous_3)
FN:83,(anonymous_4)
FN:86,(anonymous_5)
FN:105,(anonymous_6)
FN:114,(anonymous_7)
FN:124,(anonymous_8)
FN:127,(anonymous_9)
FN:137,(anonymous_10)
FN:150,(anonymous_11)
FN:169,(anonymous_12)
FN:182,(anonymous_13)
FN:183,(anonymous_14)
FNF:15
FNH:15
FNDA:4,(anonymous_0)
FNDA:4,(anonymous_1)
FNDA:64,(anonymous_2)
FNDA:27,(anonymous_3)
FNDA:32,(anonymous_4)
FNDA:16,(anonymous_5)
FNDA:12,(anonymous_6)
FNDA:4,(anonymous_7)
FNDA:12,(anonymous_8)
FNDA:110,(anonymous_9)
FNDA:67,(anonymous_10)
FNDA:139,(anonymous_11)
FNDA:79,(anonymous_12)
FNDA:40,(anonymous_13)
FNDA:274,(anonymous_14)
DA:3,1
DA:4,1
DA:12,4
DA:13,4
DA:14,4
DA:15,4
DA:18,4
DA:20,4
DA:22,4
DA:35,4
DA:36,4
DA:37,4
DA:39,4
DA:41,4
DA:42,64
DA:43,64
DA:44,64
DA:45,64
DA:46,64
DA:47,64
DA:48,1
DA:49,1
DA:51,63
DA:52,16
DA:54,47
DA:57,4
DA:58,4
DA:59,4
DA:60,4
DA:69,27
DA:70,27
DA:71,27
DA:72,27
DA:84,32
DA:85,32
DA:86,12
DA:87,16
DA:90,32
DA:91,4
DA:92,4
DA:93,4
DA:95,28
DA:97,32
DA:106,12
DA:107,12
DA:108,12
DA:109,4
DA:110,4
DA:112,8
DA:113,8
DA:114,4
DA:115,4
DA:118,8
DA:125,12
DA:127,12
DA:128,110
DA:129,110
DA:130,110
DA:131,110
DA:135,110
DA:137,12
DA:138,67
DA:139,67
DA:141,12
DA:151,139
DA:152,67
DA:153,67
DA:155,72
DA:156,72
DA:157,72
DA:158,32
DA:159,32
DA:161,72
DA:170,79
DA:171,67
DA:172,67
DA:183,40
DA:184,274
DA:189,1
DA:190,1
DA:192,1
LF:81
LH:81
BRDA:47,0,0,1
BRDA:47,0,1,63
BRDA:51,1,0,16
BRDA:51,1,1,47
BRDA:72,2,0,12
BRDA:72,2,1,15
BRDA:83,3,0,16
BRDA:85,4,0,12
BRDA:85,4,1,20
BRDA:90,5,0,4
BRDA:90,5,1,28
BRDA:90,6,0,32
BRDA:90,6,1,20
BRDA:108,7,0,4
BRDA:108,7,1,8
BRDA:113,8,0,4
BRDA:113,8,1,4
BRDA:130,9,0,97
BRDA:130,9,1,13
BRDA:131,10,0,56
BRDA:131,10,1,54
BRDA:135,11,0,47
BRDA:135,11,1,63
BRDA:151,12,0,67
BRDA:151,12,1,72
BRDA:151,13,0,139
BRDA:151,13,1,139
BRDA:157,14,0,32
BRDA:157,14,1,40
BRF:29
BRH:29
end_of_record
TN:
SF:input.js
FNF:0
FNH:0
DA:1,1
LF:1
LH:1
BRF:0
BRH:0
end_of_record
TN:
SF:test/mock/directories-input.js
FNF:0
FNH:0
DA:1,1
LF:1
LH:1
BRF:0
BRH:0
end_of_record
TN:
SF:test/mock/directories-invalid-commands-input.js
FNF:0
FNH:0
DA:1,1
LF:1
LH:1
BRF:0
BRH:0
end_of_record
TN:
SF:test/mock/directories-output.js
FNF:0
FNH:0
DA:1,1
LF:1
LH:1
BRF:0
BRH:0
end_of_record
